<?xml version="1.0" encoding="UTF-8"?>
<!-- Generated by org.testng.reporters.JUnitReportReporter -->
<testsuite hostname="HbpSoft" failures="0" tests="1" name="com.test.DockerStatusTest.Docker_Storage" time="1.744" errors="0" timestamp="2024-04-03T16:07:41 IST" skipped="0">
  <testcase classname="com.test.DockerStatusTest.Docker_Storage" name="testStorageDetails" time="1.744"/>
  <system-out/>
</testsuite> <!-- com.test.DockerStatusTest.Docker_Storage -->
